[Fri May  8 07:12:47 EDT 2026] Fetching snapshot...
[Fri May  8 07:12:48 EDT 2026] Python calculated: [{"symbol": "DOT", "action": "SHORT", "reason": "Short DOT score=-1.3605", "positionSizePercent": 20}, {"symbol": "SOL", "action": "SHORT", "reason": "Short SOL score=-1.1171", "positionSizePercent": 20}, {"symbol": "ADA", "action": "SHORT", "reason": "Short ADA score=-0.5269", "positionSizePercent": 20}]
[Fri May  8 07:12:48 EDT 2026] Submitting...
{
    "accepted": true,
    "agentId": "agent_opencodezenfree_f25c96",
    "targetCycle": 626,
    "decisionsQueued": 3,
    "secondsIntoCycle": 47.23,
    "replaced": true,
    "submission": {
        "currentCycle": 625,
        "priceHash": "bcb6d854c250acb8",
        "executionPricing": {
            "source": "binance_ws",
            "cycle": 625,
            "updatedAt": "2026-05-08T11:12:01.106Z",
            "ageMs": 47226,
            "freshSymbolCount": 9,
            "totalSymbolCount": 9,
            "priceHash": "a9bb69e1f5558073",
            "decisionProcessingPaused": false,
            "pauseReason": null,
            "fallbackMinSymbols": 9
        }
    }
}
[Fri May  8 07:12:48 EDT 2026] Sleeping 30s...
[Fri May  8 07:13:18 EDT 2026] Fetching snapshot...
[Fri May  8 07:13:19 EDT 2026] Python calculated: [{"symbol": "ADA", "action": "SHORT", "reason": "Short ADA score=-0.5269", "positionSizePercent": 20}, {"symbol": "XRP", "action": "SHORT", "reason": "Short XRP score=-0.38", "positionSizePercent": 20}, {"symbol": "ETH", "action": "SHORT", "reason": "Short ETH score=-0.2054", "positionSizePercent": 20}]
[Fri May  8 07:13:19 EDT 2026] Submitting...
{
    "accepted": true,
    "agentId": "agent_opencodezenfree_f25c96",
    "targetCycle": 627,
    "decisionsQueued": 3,
    "secondsIntoCycle": 18.48,
    "replaced": false,
    "submission": {
        "currentCycle": 626,
        "priceHash": "87b80ff2f491f084",
        "executionPricing": {
            "source": "binance_ws",
            "cycle": 626,
            "updatedAt": "2026-05-08T11:13:01.106Z",
            "ageMs": 18480,
            "freshSymbolCount": 9,
            "totalSymbolCount": 9,
            "priceHash": "bcb6d854c250acb8",
            "decisionProcessingPaused": false,
            "pauseReason": null,
            "fallbackMinSymbols": 9
        }
    }
}
[Fri May  8 07:13:19 EDT 2026] Sleeping 30s...
[Fri May  8 07:13:49 EDT 2026] Fetching snapshot...
[Fri May  8 07:13:50 EDT 2026] Python calculated: [{"symbol": "SOL", "action": "FLAT", "reason": "Cut loss -0.08%", "positionSizePercent": 0}, {"symbol": "ADA", "action": "SHORT", "reason": "Short ADA score=-0.5269", "positionSizePercent": 20}, {"symbol": "XRP", "action": "SHORT", "reason": "Short XRP score=-0.4808", "positionSizePercent": 20}]
[Fri May  8 07:13:50 EDT 2026] Submitting...
{
    "accepted": true,
    "agentId": "agent_opencodezenfree_f25c96",
    "targetCycle": 627,
    "decisionsQueued": 3,
    "secondsIntoCycle": 49.22,
    "replaced": true,
    "submission": {
        "currentCycle": 626,
        "priceHash": "c23301b52cc89e9d",
        "executionPricing": {
            "source": "binance_ws",
            "cycle": 626,
            "updatedAt": "2026-05-08T11:13:01.106Z",
            "ageMs": 49222,
            "freshSymbolCount": 9,
            "totalSymbolCount": 9,
            "priceHash": "bcb6d854c250acb8",
            "decisionProcessingPaused": false,
            "pauseReason": null,
            "fallbackMinSymbols": 9
        }
    }
}
[Fri May  8 07:13:50 EDT 2026] Sleeping 30s...
[Fri May  8 07:14:20 EDT 2026] Fetching snapshot...
[Fri May  8 07:14:21 EDT 2026] Python calculated: [{"symbol": "SOL", "action": "FLAT", "reason": "Cut loss -0.08%", "positionSizePercent": 0}, {"symbol": "XRP", "action": "SHORT", "reason": "Short XRP score=-0.4808", "positionSizePercent": 20}, {"symbol": "ETH", "action": "SHORT", "reason": "Short ETH score=-0.2184", "positionSizePercent": 20}]
[Fri May  8 07:14:21 EDT 2026] Submitting...
{
    "accepted": true,
    "agentId": "agent_opencodezenfree_f25c96",
    "targetCycle": 628,
    "decisionsQueued": 3,
    "secondsIntoCycle": 22.43,
    "replaced": false,
    "submission": {
        "currentCycle": 627,
        "priceHash": "c23301b52cc89e9d",
        "executionPricing": {
            "source": "binance_ws",
            "cycle": 627,
            "updatedAt": "2026-05-08T11:14:01.106Z",
            "ageMs": 22433,
            "freshSymbolCount": 9,
            "totalSymbolCount": 9,
            "priceHash": "c23301b52cc89e9d",
            "decisionProcessingPaused": false,
            "pauseReason": null,
            "fallbackMinSymbols": 9
        }
    }
}
[Fri May  8 07:14:23 EDT 2026] Sleeping 30s...
[Fri May  8 07:14:53 EDT 2026] Fetching snapshot...
[Fri May  8 07:14:53 EDT 2026] Python calculated: [{"symbol": "SOL", "action": "FLAT", "reason": "Cut loss -0.08%", "positionSizePercent": 0}, {"symbol": "ETH", "action": "SHORT", "reason": "Short ETH score=-0.2184", "positionSizePercent": 20}, {"symbol": "XRP", "action": "SHORT", "reason": "Short XRP score=-0.1575", "positionSizePercent": 20}]
[Fri May  8 07:14:53 EDT 2026] Submitting...
{
    "accepted": true,
    "agentId": "agent_opencodezenfree_f25c96",
    "targetCycle": 628,
    "decisionsQueued": 3,
    "secondsIntoCycle": 53.06,
    "replaced": true,
    "submission": {
        "currentCycle": 627,
        "priceHash": "c23301b52cc89e9d",
        "executionPricing": {
            "source": "binance_ws",
            "cycle": 627,
            "updatedAt": "2026-05-08T11:14:01.106Z",
            "ageMs": 53059,
            "freshSymbolCount": 9,
            "totalSymbolCount": 9,
            "priceHash": "c23301b52cc89e9d",
            "decisionProcessingPaused": false,
            "pauseReason": null,
            "fallbackMinSymbols": 9
        }
    }
}
[Fri May  8 07:14:54 EDT 2026] Sleeping 30s...
[Fri May  8 07:15:24 EDT 2026] Fetching snapshot...
[Fri May  8 07:15:24 EDT 2026] Python calculated: [{"symbol": "SOL", "action": "FLAT", "reason": "Cut loss -0.08%", "positionSizePercent": 0}, {"symbol": "ETH", "action": "SHORT", "reason": "Short ETH score=-0.2184", "positionSizePercent": 20}, {"symbol": "XRP", "action": "SHORT", "reason": "Short XRP score=-0.1575", "positionSizePercent": 20}]
[Fri May  8 07:15:24 EDT 2026] Submitting...
{
    "accepted": true,
    "agentId": "agent_opencodezenfree_f25c96",
    "targetCycle": 629,
    "decisionsQueued": 3,
    "secondsIntoCycle": 23.63,
    "replaced": false,
    "submission": {
        "currentCycle": 628,
        "priceHash": "d5c59610846bfb9c",
        "executionPricing": {
            "source": "binance_ws",
            "cycle": 628,
            "updatedAt": "2026-05-08T11:15:01.106Z",
            "ageMs": 23632,
            "freshSymbolCount": 9,
            "totalSymbolCount": 9,
            "priceHash": "c23301b52cc89e9d",
            "decisionProcessingPaused": false,
            "pauseReason": null,
            "fallbackMinSymbols": 9
        }
    }
}
[Fri May  8 07:15:24 EDT 2026] Sleeping 30s...
[Fri May  8 07:15:54 EDT 2026] Fetching snapshot...
[Fri May  8 07:15:55 EDT 2026] Python calculated: [{"symbol": "SOL", "action": "FLAT", "reason": "Cut loss -0.08%", "positionSizePercent": 0}, {"symbol": "ETH", "action": "SHORT", "reason": "Short ETH score=-0.4826", "positionSizePercent": 20}]
[Fri May  8 07:15:55 EDT 2026] Submitting...
{
    "accepted": true,
    "agentId": "agent_opencodezenfree_f25c96",
    "targetCycle": 629,
    "decisionsQueued": 2,
    "secondsIntoCycle": 54.22,
    "replaced": true,
    "submission": {
        "currentCycle": 628,
        "priceHash": "37bc5860cbc958b4",
        "executionPricing": {
            "source": "binance_ws",
            "cycle": 628,
            "updatedAt": "2026-05-08T11:15:01.106Z",
            "ageMs": 54221,
            "freshSymbolCount": 9,
            "totalSymbolCount": 9,
            "priceHash": "c23301b52cc89e9d",
            "decisionProcessingPaused": false,
            "pauseReason": null,
            "fallbackMinSymbols": 9
        }
    }
}
[Fri May  8 07:15:55 EDT 2026] Sleeping 30s...
[Fri May  8 07:16:25 EDT 2026] Fetching snapshot...
[Fri May  8 07:16:25 EDT 2026] Python calculated: [{"symbol": "SOL", "action": "FLAT", "reason": "Cut loss -0.08%", "positionSizePercent": 0}, {"symbol": "ETH", "action": "SHORT", "reason": "Short ETH score=-0.4826", "positionSizePercent": 20}]
[Fri May  8 07:16:25 EDT 2026] Submitting...
{
    "accepted": true,
    "agentId": "agent_opencodezenfree_f25c96",
    "targetCycle": 630,
    "decisionsQueued": 2,
    "secondsIntoCycle": 24.82,
    "replaced": false,
    "submission": {
        "currentCycle": 629,
        "priceHash": "37bc5860cbc958b4",
        "executionPricing": {
            "source": "binance_ws",
            "cycle": 629,
            "updatedAt": "2026-05-08T11:16:01.106Z",
            "ageMs": 24818,
            "freshSymbolCount": 9,
            "totalSymbolCount": 9,
            "priceHash": "37bc5860cbc958b4",
            "decisionProcessingPaused": false,
            "pauseReason": null,
            "fallbackMinSymbols": 9
        }
    }
}
[Fri May  8 07:16:25 EDT 2026] Sleeping 30s...
[Fri May  8 07:16:55 EDT 2026] Fetching snapshot...
[Fri May  8 07:16:56 EDT 2026] Python calculated: [{"symbol": "SOL", "action": "FLAT", "reason": "Cut loss -0.08%", "positionSizePercent": 0}, {"symbol": "ETH", "action": "SHORT", "reason": "Short ETH score=-0.3342", "positionSizePercent": 20}]
[Fri May  8 07:16:56 EDT 2026] Submitting...
{
    "accepted": true,
    "agentId": "agent_opencodezenfree_f25c96",
    "targetCycle": 630,
    "decisionsQueued": 2,
    "secondsIntoCycle": 55.47,
    "replaced": true,
    "submission": {
        "currentCycle": 629,
        "priceHash": "37bc5860cbc958b4",
        "executionPricing": {
            "source": "binance_ws",
            "cycle": 629,
            "updatedAt": "2026-05-08T11:16:01.106Z",
            "ageMs": 55469,
            "freshSymbolCount": 9,
            "totalSymbolCount": 9,
            "priceHash": "37bc5860cbc958b4",
            "decisionProcessingPaused": false,
            "pauseReason": null,
            "fallbackMinSymbols": 9
        }
    }
}
[Fri May  8 07:16:56 EDT 2026] Sleeping 30s...
[Fri May  8 07:17:26 EDT 2026] Fetching snapshot...
[Fri May  8 07:17:26 EDT 2026] Python calculated: [{"symbol": "SOL", "action": "FLAT", "reason": "Cut loss -0.08%", "positionSizePercent": 0}, {"symbol": "ETH", "action": "SHORT", "reason": "Short ETH score=-0.3342", "positionSizePercent": 20}]
[Fri May  8 07:17:26 EDT 2026] Submitting...
{
    "accepted": true,
    "agentId": "agent_opencodezenfree_f25c96",
    "targetCycle": 631,
    "decisionsQueued": 2,
    "secondsIntoCycle": 26.06,
    "replaced": false,
    "submission": {
        "currentCycle": 630,
        "priceHash": "37bc5860cbc958b4",
        "executionPricing": {
            "source": "binance_ws",
            "cycle": 630,
            "updatedAt": "2026-05-08T11:17:01.106Z",
            "ageMs": 26064,
            "freshSymbolCount": 9,
            "totalSymbolCount": 9,
            "priceHash": "37bc5860cbc958b4",
            "decisionProcessingPaused": false,
            "pauseReason": null,
            "fallbackMinSymbols": 9
        }
    }
}
[Fri May  8 07:17:27 EDT 2026] Sleeping 30s...
[Fri May  8 07:17:57 EDT 2026] Fetching snapshot...
[Fri May  8 07:17:58 EDT 2026] Python calculated: [{"symbol": "SOL", "action": "FLAT", "reason": "Cut loss -0.08%", "positionSizePercent": 0}]
[Fri May  8 07:17:58 EDT 2026] Submitting...
{
    "accepted": true,
    "agentId": "agent_opencodezenfree_f25c96",
    "targetCycle": 631,
    "decisionsQueued": 1,
    "secondsIntoCycle": 57.65,
    "replaced": true,
    "submission": {
        "currentCycle": 630,
        "priceHash": "37bc5860cbc958b4",
        "executionPricing": {
            "source": "binance_ws",
            "cycle": 630,
            "updatedAt": "2026-05-08T11:17:01.106Z",
            "ageMs": 57647,
            "freshSymbolCount": 9,
            "totalSymbolCount": 9,
            "priceHash": "37bc5860cbc958b4",
            "decisionProcessingPaused": false,
            "pauseReason": null,
            "fallbackMinSymbols": 9
        }
    }
}
[Fri May  8 07:17:58 EDT 2026] Sleeping 30s...
[Fri May  8 07:18:28 EDT 2026] Fetching snapshot...
[Fri May  8 07:18:29 EDT 2026] Python calculated: [{"symbol": "SOL", "action": "FLAT", "reason": "Cut loss -0.08%", "positionSizePercent": 0}]
[Fri May  8 07:18:29 EDT 2026] Submitting...
{
    "accepted": true,
    "agentId": "agent_opencodezenfree_f25c96",
    "targetCycle": 632,
    "decisionsQueued": 1,
    "secondsIntoCycle": 28.22,
    "replaced": false,
    "submission": {
        "currentCycle": 631,
        "priceHash": "37bc5860cbc958b4",
        "executionPricing": {
            "source": "binance_ws",
            "cycle": 631,
            "updatedAt": "2026-05-08T11:18:01.107Z",
            "ageMs": 28220,
            "freshSymbolCount": 9,
            "totalSymbolCount": 9,
            "priceHash": "37bc5860cbc958b4",
            "decisionProcessingPaused": false,
            "pauseReason": null,
            "fallbackMinSymbols": 9
        }
    }
}
[Fri May  8 07:18:29 EDT 2026] Sleeping 30s...
[Fri May  8 07:18:59 EDT 2026] Fetching snapshot...
[Fri May  8 07:18:59 EDT 2026] Python calculated: [{"symbol": "SOL", "action": "FLAT", "reason": "Cut loss -0.08%", "positionSizePercent": 0}]
[Fri May  8 07:18:59 EDT 2026] Submitting...
{
    "accepted": true,
    "agentId": "agent_opencodezenfree_f25c96",
    "targetCycle": 632,
    "decisionsQueued": 1,
    "secondsIntoCycle": 58.8,
    "replaced": true,
    "submission": {
        "currentCycle": 631,
        "priceHash": "37bc5860cbc958b4",
        "executionPricing": {
            "source": "binance_ws",
            "cycle": 631,
            "updatedAt": "2026-05-08T11:18:01.107Z",
            "ageMs": 58806,
            "freshSymbolCount": 9,
            "totalSymbolCount": 9,
            "priceHash": "37bc5860cbc958b4",
            "decisionProcessingPaused": false,
            "pauseReason": null,
            "fallbackMinSymbols": 9
        }
    }
}
[Fri May  8 07:18:59 EDT 2026] Sleeping 30s...
[Fri May  8 07:19:29 EDT 2026] Fetching snapshot...
[Fri May  8 07:19:30 EDT 2026] Python calculated: [{"symbol": "SOL", "action": "FLAT", "reason": "Cut loss -0.08%", "positionSizePercent": 0}]
[Fri May  8 07:19:30 EDT 2026] Submitting...
{
    "accepted": true,
    "agentId": "agent_opencodezenfree_f25c96",
    "targetCycle": 633,
    "decisionsQueued": 1,
    "secondsIntoCycle": 29.38,
    "replaced": false,
    "submission": {
        "currentCycle": 632,
        "priceHash": "37bc5860cbc958b4",
        "executionPricing": {
            "source": "binance_ws",
            "cycle": 632,
            "updatedAt": "2026-05-08T11:19:01.107Z",
            "ageMs": 29380,
            "freshSymbolCount": 9,
            "totalSymbolCount": 9,
            "priceHash": "37bc5860cbc958b4",
            "decisionProcessingPaused": false,
            "pauseReason": null,
            "fallbackMinSymbols": 9
        }
    }
}
[Fri May  8 07:19:30 EDT 2026] Sleeping 30s...
[Fri May  8 07:20:00 EDT 2026] Fetching snapshot...
[Fri May  8 07:20:00 EDT 2026] Python calculated: [{"symbol": "SOL", "action": "FLAT", "reason": "Cut loss -0.08%", "positionSizePercent": 0}]
[Fri May  8 07:20:00 EDT 2026] Submitting...
{
    "accepted": true,
    "agentId": "agent_opencodezenfree_f25c96",
    "targetCycle": 634,
    "decisionsQueued": 1,
    "secondsIntoCycle": 0.01,
    "replaced": false,
    "submission": {
        "currentCycle": 633,
        "priceHash": "37bc5860cbc958b4",
        "executionPricing": {
            "source": "binance_ws",
            "cycle": 633,
            "updatedAt": "2026-05-08T11:20:01.107Z",
            "ageMs": 7,
            "freshSymbolCount": 9,
            "totalSymbolCount": 9,
            "priceHash": "37bc5860cbc958b4",
            "decisionProcessingPaused": false,
            "pauseReason": null,
            "fallbackMinSymbols": 9
        }
    }
}
[Fri May  8 07:20:01 EDT 2026] Sleeping 30s...
[Fri May  8 07:20:31 EDT 2026] Fetching snapshot...
[Fri May  8 07:20:31 EDT 2026] Python calculated: [{"symbol": "SOL", "action": "FLAT", "reason": "Cut loss -0.08%", "positionSizePercent": 0}]
[Fri May  8 07:20:31 EDT 2026] Submitting...
{
    "accepted": true,
    "agentId": "agent_opencodezenfree_f25c96",
    "targetCycle": 634,
    "decisionsQueued": 1,
    "secondsIntoCycle": 30.56,
    "replaced": true,
    "submission": {
        "currentCycle": 633,
        "priceHash": "1df3e05b8b3bde02",
        "executionPricing": {
            "source": "binance_ws",
            "cycle": 633,
            "updatedAt": "2026-05-08T11:20:01.107Z",
            "ageMs": 30560,
            "freshSymbolCount": 9,
            "totalSymbolCount": 9,
            "priceHash": "37bc5860cbc958b4",
            "decisionProcessingPaused": false,
            "pauseReason": null,
            "fallbackMinSymbols": 9
        }
    }
}
[Fri May  8 07:20:31 EDT 2026] Sleeping 30s...
[Fri May  8 07:21:01 EDT 2026] Fetching snapshot...
[Fri May  8 07:21:02 EDT 2026] Python calculated: [{"symbol": "SOL", "action": "FLAT", "reason": "Cut loss -0.08%", "positionSizePercent": 0}, {"symbol": "ADA", "action": "FLAT", "reason": "Cut loss -0.15%", "positionSizePercent": 0}]
[Fri May  8 07:21:02 EDT 2026] Submitting...
{
    "accepted": true,
    "agentId": "agent_opencodezenfree_f25c96",
    "targetCycle": 635,
    "decisionsQueued": 2,
    "secondsIntoCycle": 1.8,
    "replaced": false,
    "submission": {
        "currentCycle": 634,
        "priceHash": "4621a078227f726b",
        "executionPricing": {
            "source": "binance_ws",
            "cycle": 634,
            "updatedAt": "2026-05-08T11:21:01.107Z",
            "ageMs": 1803,
            "freshSymbolCount": 9,
            "totalSymbolCount": 9,
            "priceHash": "4621a078227f726b",
            "decisionProcessingPaused": false,
            "pauseReason": null,
            "fallbackMinSymbols": 9
        }
    }
}
[Fri May  8 07:21:02 EDT 2026] Sleeping 30s...
[Fri May  8 07:21:32 EDT 2026] Fetching snapshot...
[Fri May  8 07:21:33 EDT 2026] Python calculated: [{"symbol": "SOL", "action": "FLAT", "reason": "Cut loss -0.08%", "positionSizePercent": 0}, {"symbol": "ADA", "action": "FLAT", "reason": "Cut loss -0.15%", "positionSizePercent": 0}]
[Fri May  8 07:21:33 EDT 2026] Submitting...
{
    "accepted": true,
    "agentId": "agent_opencodezenfree_f25c96",
    "targetCycle": 635,
    "decisionsQueued": 2,
    "secondsIntoCycle": 32.37,
    "replaced": true,
    "submission": {
        "currentCycle": 634,
        "priceHash": "4621a078227f726b",
        "executionPricing": {
            "source": "binance_ws",
            "cycle": 634,
            "updatedAt": "2026-05-08T11:21:01.107Z",
            "ageMs": 32371,
            "freshSymbolCount": 9,
            "totalSymbolCount": 9,
            "priceHash": "4621a078227f726b",
            "decisionProcessingPaused": false,
            "pauseReason": null,
            "fallbackMinSymbols": 9
        }
    }
}
[Fri May  8 07:21:33 EDT 2026] Sleeping 30s...
[Fri May  8 07:22:03 EDT 2026] Fetching snapshot...
[Fri May  8 07:22:03 EDT 2026] Python calculated: [{"symbol": "SOL", "action": "FLAT", "reason": "Cut loss -0.08%", "positionSizePercent": 0}, {"symbol": "ADA", "action": "FLAT", "reason": "Cut loss -0.15%", "positionSizePercent": 0}]
[Fri May  8 07:22:03 EDT 2026] Submitting...
{
    "accepted": true,
    "agentId": "agent_opencodezenfree_f25c96",
    "targetCycle": 636,
    "decisionsQueued": 2,
    "secondsIntoCycle": 3,
    "replaced": false,
    "submission": {
        "currentCycle": 635,
        "priceHash": "3c4642c0d4f1c6d5",
        "executionPricing": {
            "source": "binance_ws",
            "cycle": 635,
            "updatedAt": "2026-05-08T11:22:01.108Z",
            "ageMs": 2998,
            "freshSymbolCount": 9,
            "totalSymbolCount": 9,
            "priceHash": "3c4642c0d4f1c6d5",
            "decisionProcessingPaused": false,
            "pauseReason": null,
            "fallbackMinSymbols": 9
        }
    }
}
[Fri May  8 07:22:04 EDT 2026] Sleeping 30s...
[Fri May  8 07:22:34 EDT 2026] Fetching snapshot...
[Fri May  8 07:22:35 EDT 2026] Python calculated: [{"symbol": "SOL", "action": "FLAT", "reason": "Cut loss -0.08%", "positionSizePercent": 0}, {"symbol": "ADA", "action": "FLAT", "reason": "Cut loss -0.15%", "positionSizePercent": 0}]
[Fri May  8 07:22:35 EDT 2026] Submitting...
{
    "accepted": true,
    "agentId": "agent_opencodezenfree_f25c96",
    "targetCycle": 636,
    "decisionsQueued": 2,
    "secondsIntoCycle": 35.34,
    "replaced": true,
    "submission": {
        "currentCycle": 635,
        "priceHash": "3c4642c0d4f1c6d5",
        "executionPricing": {
            "source": "binance_ws",
            "cycle": 635,
            "updatedAt": "2026-05-08T11:22:01.108Z",
            "ageMs": 35339,
            "freshSymbolCount": 9,
            "totalSymbolCount": 9,
            "priceHash": "3c4642c0d4f1c6d5",
            "decisionProcessingPaused": false,
            "pauseReason": null,
            "fallbackMinSymbols": 9
        }
    }
}
[Fri May  8 07:22:36 EDT 2026] Sleeping 30s...
[Fri May  8 07:23:06 EDT 2026] Fetching snapshot...
[Fri May  8 07:23:06 EDT 2026] Python calculated: [{"symbol": "AVAX", "action": "FLAT", "reason": "Take profit 100.0%", "positionSizePercent": 0}, {"symbol": "SOL", "action": "FLAT", "reason": "Cut loss -0.08%", "positionSizePercent": 0}, {"symbol": "ADA", "action": "FLAT", "reason": "Cut loss -0.15%", "positionSizePercent": 0}]
[Fri May  8 07:23:06 EDT 2026] Submitting...
{
    "accepted": true,
    "agentId": "agent_opencodezenfree_f25c96",
    "targetCycle": 637,
    "decisionsQueued": 3,
    "secondsIntoCycle": 6,
    "replaced": false,
    "submission": {
        "currentCycle": 636,
        "priceHash": "5f59238a4f1b53ad",
        "executionPricing": {
            "source": "binance_ws",
            "cycle": 636,
            "updatedAt": "2026-05-08T11:23:01.108Z",
            "ageMs": 5996,
            "freshSymbolCount": 7,
            "totalSymbolCount": 9,
            "priceHash": "ddf26fb2a59f210e",
            "decisionProcessingPaused": false,
            "pauseReason": null,
            "fallbackMinSymbols": 9
        }
    }
}
[Fri May  8 07:23:07 EDT 2026] Sleeping 30s...
